{"C:\\Users\\kuzne\\Desktop\\Academy\\lap4-project\\api\\database\\connect.js": {"path":"C:\\Users\\kuzne\\Desktop\\Academy\\lap4-project\\api\\database\\connect.js","statementMap":{"0":{"start":{"line":1,"column":17},"end":{"line":1,"column":30}},"1":{"start":{"line":4,"column":0},"end":{"line":13,"column":1}},"2":{"start":{"line":5,"column":2},"end":{"line":5,"column":25}},"3":{"start":{"line":6,"column":2},"end":{"line":8,"column":5}},"4":{"start":{"line":10,"column":2},"end":{"line":12,"column":5}},"5":{"start":{"line":15,"column":0},"end":{"line":15,"column":42}},"6":{"start":{"line":17,"column":0},"end":{"line":17,"column":20}}},"fnMap":{},"branchMap":{"0":{"loc":{"start":{"line":4,"column":0},"end":{"line":13,"column":1}},"type":"if","locations":[{"start":{"line":4,"column":0},"end":{"line":13,"column":1}},{"start":{"line":9,"column":7},"end":{"line":13,"column":1}}],"line":4}},"s":{"0":1,"1":1,"2":1,"3":1,"4":0,"5":1,"6":1},"f":{},"b":{"0":[1,0]},"_coverageSchema":"1a1c01bbd47fc00a2c39e90264f33305004495a9","hash":"f26c268ba9e82ab4782b1a4eb3d9d57b2c50d805"}
,"C:\\Users\\kuzne\\Desktop\\Academy\\lap4-project\\api\\models\\User.js": {"path":"C:\\Users\\kuzne\\Desktop\\Academy\\lap4-project\\api\\models\\User.js","statementMap":{"0":{"start":{"line":1,"column":11},"end":{"line":1,"column":41}},"1":{"start":{"line":5,"column":4},"end":{"line":5,"column":22}},"2":{"start":{"line":6,"column":4},"end":{"line":6,"column":33}},"3":{"start":{"line":7,"column":4},"end":{"line":7,"column":31}},"4":{"start":{"line":8,"column":4},"end":{"line":8,"column":23}},"5":{"start":{"line":9,"column":4},"end":{"line":9,"column":29}},"6":{"start":{"line":13,"column":21},"end":{"line":13,"column":59}},"7":{"start":{"line":14,"column":4},"end":{"line":16,"column":5}},"8":{"start":{"line":15,"column":6},"end":{"line":15,"column":46}},"9":{"start":{"line":17,"column":4},"end":{"line":17,"column":55}},"10":{"start":{"line":17,"column":39},"end":{"line":17,"column":53}},"11":{"start":{"line":21,"column":21},"end":{"line":23,"column":6}},"12":{"start":{"line":24,"column":4},"end":{"line":26,"column":5}},"13":{"start":{"line":25,"column":6},"end":{"line":25,"column":48}},"14":{"start":{"line":27,"column":4},"end":{"line":27,"column":38}},"15":{"start":{"line":31,"column":21},"end":{"line":33,"column":6}},"16":{"start":{"line":34,"column":4},"end":{"line":36,"column":5}},"17":{"start":{"line":35,"column":6},"end":{"line":35,"column":48}},"18":{"start":{"line":37,"column":4},"end":{"line":37,"column":38}},"19":{"start":{"line":41,"column":55},"end":{"line":41,"column":59}},"20":{"start":{"line":43,"column":19},"end":{"line":46,"column":5}},"21":{"start":{"line":48,"column":18},"end":{"line":48,"column":42}},"22":{"start":{"line":49,"column":20},"end":{"line":49,"column":48}},"23":{"start":{"line":50,"column":4},"end":{"line":50,"column":19}},"24":{"start":{"line":53,"column":21},"end":{"line":55,"column":6}},"25":{"start":{"line":56,"column":4},"end":{"line":58,"column":5}},"26":{"start":{"line":57,"column":6},"end":{"line":57,"column":48}},"27":{"start":{"line":59,"column":4},"end":{"line":59,"column":40}},"28":{"start":{"line":63,"column":55},"end":{"line":63,"column":59}},"29":{"start":{"line":65,"column":21},"end":{"line":68,"column":5}},"30":{"start":{"line":70,"column":4},"end":{"line":72,"column":5}},"31":{"start":{"line":71,"column":6},"end":{"line":71,"column":48}},"32":{"start":{"line":74,"column":4},"end":{"line":74,"column":50}},"33":{"start":{"line":75,"column":4},"end":{"line":75,"column":48}},"34":{"start":{"line":76,"column":4},"end":{"line":76,"column":40}},"35":{"start":{"line":77,"column":4},"end":{"line":77,"column":46}},"36":{"start":{"line":79,"column":4},"end":{"line":79,"column":16}},"37":{"start":{"line":83,"column":0},"end":{"line":83,"column":22}}},"fnMap":{"0":{"name":"(anonymous_0)","decl":{"start":{"line":4,"column":2},"end":{"line":4,"column":3}},"loc":{"start":{"line":4,"column":67},"end":{"line":10,"column":3}},"line":4},"1":{"name":"(anonymous_1)","decl":{"start":{"line":12,"column":2},"end":{"line":12,"column":3}},"loc":{"start":{"line":12,"column":24},"end":{"line":18,"column":3}},"line":12},"2":{"name":"(anonymous_2)","decl":{"start":{"line":17,"column":29},"end":{"line":17,"column":30}},"loc":{"start":{"line":17,"column":39},"end":{"line":17,"column":53}},"line":17},"3":{"name":"(anonymous_3)","decl":{"start":{"line":20,"column":2},"end":{"line":20,"column":3}},"loc":{"start":{"line":20,"column":30},"end":{"line":28,"column":3}},"line":20},"4":{"name":"(anonymous_4)","decl":{"start":{"line":30,"column":2},"end":{"line":30,"column":3}},"loc":{"start":{"line":30,"column":36},"end":{"line":38,"column":3}},"line":30},"5":{"name":"(anonymous_5)","decl":{"start":{"line":40,"column":2},"end":{"line":40,"column":3}},"loc":{"start":{"line":40,"column":28},"end":{"line":51,"column":3}},"line":40},"6":{"name":"(anonymous_6)","decl":{"start":{"line":52,"column":2},"end":{"line":52,"column":3}},"loc":{"start":{"line":52,"column":18},"end":{"line":60,"column":3}},"line":52},"7":{"name":"(anonymous_7)","decl":{"start":{"line":62,"column":2},"end":{"line":62,"column":3}},"loc":{"start":{"line":62,"column":21},"end":{"line":80,"column":3}},"line":62}},"branchMap":{"0":{"loc":{"start":{"line":14,"column":4},"end":{"line":16,"column":5}},"type":"if","locations":[{"start":{"line":14,"column":4},"end":{"line":16,"column":5}},{"start":{},"end":{}}],"line":14},"1":{"loc":{"start":{"line":24,"column":4},"end":{"line":26,"column":5}},"type":"if","locations":[{"start":{"line":24,"column":4},"end":{"line":26,"column":5}},{"start":{},"end":{}}],"line":24},"2":{"loc":{"start":{"line":34,"column":4},"end":{"line":36,"column":5}},"type":"if","locations":[{"start":{"line":34,"column":4},"end":{"line":36,"column":5}},{"start":{},"end":{}}],"line":34},"3":{"loc":{"start":{"line":56,"column":4},"end":{"line":58,"column":5}},"type":"if","locations":[{"start":{"line":56,"column":4},"end":{"line":58,"column":5}},{"start":{},"end":{}}],"line":56},"4":{"loc":{"start":{"line":70,"column":4},"end":{"line":72,"column":5}},"type":"if","locations":[{"start":{"line":70,"column":4},"end":{"line":72,"column":5}},{"start":{},"end":{}}],"line":70}},"s":{"0":1,"1":3,"2":3,"3":3,"4":3,"5":3,"6":1,"7":1,"8":0,"9":1,"10":1,"11":2,"12":2,"13":0,"14":2,"15":0,"16":0,"17":0,"18":0,"19":1,"20":1,"21":1,"22":1,"23":1,"24":0,"25":0,"26":0,"27":0,"28":0,"29":0,"30":0,"31":0,"32":0,"33":0,"34":0,"35":0,"36":0,"37":1},"f":{"0":3,"1":1,"2":1,"3":2,"4":0,"5":1,"6":0,"7":0},"b":{"0":[0,1],"1":[0,2],"2":[0,0],"3":[0,0],"4":[0,0]},"_coverageSchema":"1a1c01bbd47fc00a2c39e90264f33305004495a9","hash":"579e7c212d938f7c30edbe35a87e8671c83e25e1"}
}
