{"C:\\Users\\kuzne\\Desktop\\Academy\\lap4-project\\api\\app.js": {"path":"C:\\Users\\kuzne\\Desktop\\Academy\\lap4-project\\api\\app.js","statementMap":{"0":{"start":{"line":1,"column":16},"end":{"line":1,"column":34}},"1":{"start":{"line":2,"column":13},"end":{"line":2,"column":28}},"2":{"start":{"line":3,"column":15},"end":{"line":3,"column":32}},"3":{"start":{"line":5,"column":19},"end":{"line":5,"column":44}},"4":{"start":{"line":6,"column":21},"end":{"line":6,"column":48}},"5":{"start":{"line":7,"column":21},"end":{"line":7,"column":48}},"6":{"start":{"line":10,"column":12},"end":{"line":10,"column":21}},"7":{"start":{"line":12,"column":0},"end":{"line":12,"column":16}},"8":{"start":{"line":13,"column":0},"end":{"line":13,"column":24}},"9":{"start":{"line":14,"column":0},"end":{"line":14,"column":24}},"10":{"start":{"line":16,"column":0},"end":{"line":21,"column":3}},"11":{"start":{"line":17,"column":2},"end":{"line":20,"column":5}},"12":{"start":{"line":23,"column":0},"end":{"line":23,"column":30}},"13":{"start":{"line":24,"column":0},"end":{"line":24,"column":33}},"14":{"start":{"line":25,"column":0},"end":{"line":25,"column":37}},"15":{"start":{"line":28,"column":0},"end":{"line":28,"column":21}}},"fnMap":{"0":{"name":"(anonymous_0)","decl":{"start":{"line":16,"column":13},"end":{"line":16,"column":14}},"loc":{"start":{"line":16,"column":27},"end":{"line":21,"column":1}},"line":16}},"branchMap":{},"s":{"0":1,"1":1,"2":1,"3":1,"4":1,"5":1,"6":1,"7":1,"8":1,"9":1,"10":1,"11":0,"12":1,"13":1,"14":1,"15":1},"f":{"0":0},"b":{},"_coverageSchema":"1a1c01bbd47fc00a2c39e90264f33305004495a9","hash":"249733e518a96777fc2d720ccd335f08631e5228"}
,"C:\\Users\\kuzne\\Desktop\\Academy\\lap4-project\\api\\__test__\\mock\\database\\setup.js": {"path":"C:\\Users\\kuzne\\Desktop\\Academy\\lap4-project\\api\\__test__\\mock\\database\\setup.js","statementMap":{"0":{"start":{"line":1,"column":0},"end":{"line":1,"column":27}},"1":{"start":{"line":2,"column":11},"end":{"line":2,"column":24}},"2":{"start":{"line":3,"column":13},"end":{"line":3,"column":28}},"3":{"start":{"line":4,"column":17},"end":{"line":4,"column":30}},"4":{"start":{"line":6,"column":20},"end":{"line":20,"column":1}},"5":{"start":{"line":7,"column":13},"end":{"line":9,"column":4}},"6":{"start":{"line":11,"column":14},"end":{"line":11,"column":77}},"7":{"start":{"line":13,"column":2},"end":{"line":19,"column":3}},"8":{"start":{"line":14,"column":4},"end":{"line":14,"column":24}},"9":{"start":{"line":15,"column":4},"end":{"line":15,"column":13}},"10":{"start":{"line":16,"column":4},"end":{"line":16,"column":51}},"11":{"start":{"line":18,"column":4},"end":{"line":18,"column":23}},"12":{"start":{"line":22,"column":0},"end":{"line":22,"column":29}}},"fnMap":{"0":{"name":"(anonymous_0)","decl":{"start":{"line":6,"column":20},"end":{"line":6,"column":21}},"loc":{"start":{"line":6,"column":32},"end":{"line":20,"column":1}},"line":6}},"branchMap":{},"s":{"0":1,"1":1,"2":1,"3":1,"4":1,"5":1,"6":1,"7":1,"8":1,"9":1,"10":1,"11":0,"12":1},"f":{"0":1},"b":{},"_coverageSchema":"1a1c01bbd47fc00a2c39e90264f33305004495a9","hash":"2b8f8733f99feac3b7586631780aa1058d58576d"}
,"C:\\Users\\kuzne\\Desktop\\Academy\\lap4-project\\api\\controllers\\animal.js": {"path":"C:\\Users\\kuzne\\Desktop\\Academy\\lap4-project\\api\\controllers\\animal.js","statementMap":{"0":{"start":{"line":1,"column":15},"end":{"line":1,"column":42}},"1":{"start":{"line":5,"column":4},"end":{"line":11,"column":5}},"2":{"start":{"line":6,"column":25},"end":{"line":6,"column":53}},"3":{"start":{"line":7,"column":6},"end":{"line":7,"column":39}},"4":{"start":{"line":9,"column":6},"end":{"line":9,"column":58}},"5":{"start":{"line":10,"column":6},"end":{"line":10,"column":53}},"6":{"start":{"line":15,"column":4},"end":{"line":22,"column":5}},"7":{"start":{"line":16,"column":19},"end":{"line":16,"column":27}},"8":{"start":{"line":17,"column":21},"end":{"line":17,"column":52}},"9":{"start":{"line":18,"column":6},"end":{"line":18,"column":35}},"10":{"start":{"line":20,"column":6},"end":{"line":20,"column":53}},"11":{"start":{"line":21,"column":6},"end":{"line":21,"column":53}},"12":{"start":{"line":26,"column":22},"end":{"line":26,"column":35}},"13":{"start":{"line":27,"column":4},"end":{"line":33,"column":5}},"14":{"start":{"line":28,"column":21},"end":{"line":28,"column":58}},"15":{"start":{"line":29,"column":6},"end":{"line":29,"column":35}},"16":{"start":{"line":31,"column":6},"end":{"line":31,"column":52}},"17":{"start":{"line":32,"column":6},"end":{"line":32,"column":53}},"18":{"start":{"line":37,"column":22},"end":{"line":37,"column":35}},"19":{"start":{"line":38,"column":17},"end":{"line":38,"column":25}},"20":{"start":{"line":39,"column":4},"end":{"line":45,"column":5}},"21":{"start":{"line":40,"column":21},"end":{"line":40,"column":63}},"22":{"start":{"line":41,"column":6},"end":{"line":41,"column":35}},"23":{"start":{"line":43,"column":6},"end":{"line":43,"column":51}},"24":{"start":{"line":44,"column":6},"end":{"line":44,"column":53}},"25":{"start":{"line":49,"column":22},"end":{"line":49,"column":35}},"26":{"start":{"line":50,"column":4},"end":{"line":56,"column":5}},"27":{"start":{"line":51,"column":21},"end":{"line":51,"column":57}},"28":{"start":{"line":52,"column":6},"end":{"line":52,"column":35}},"29":{"start":{"line":54,"column":6},"end":{"line":54,"column":53}},"30":{"start":{"line":55,"column":6},"end":{"line":55,"column":53}},"31":{"start":{"line":60,"column":0},"end":{"line":60,"column":34}}},"fnMap":{"0":{"name":"(anonymous_0)","decl":{"start":{"line":4,"column":2},"end":{"line":4,"column":3}},"loc":{"start":{"line":4,"column":39},"end":{"line":12,"column":3}},"line":4},"1":{"name":"(anonymous_1)","decl":{"start":{"line":14,"column":2},"end":{"line":14,"column":3}},"loc":{"start":{"line":14,"column":38},"end":{"line":23,"column":3}},"line":14},"2":{"name":"(anonymous_2)","decl":{"start":{"line":25,"column":2},"end":{"line":25,"column":3}},"loc":{"start":{"line":25,"column":42},"end":{"line":34,"column":3}},"line":25},"3":{"name":"(anonymous_3)","decl":{"start":{"line":36,"column":2},"end":{"line":36,"column":3}},"loc":{"start":{"line":36,"column":38},"end":{"line":46,"column":3}},"line":36},"4":{"name":"(anonymous_4)","decl":{"start":{"line":48,"column":2},"end":{"line":48,"column":3}},"loc":{"start":{"line":48,"column":38},"end":{"line":57,"column":3}},"line":48}},"branchMap":{},"s":{"0":1,"1":0,"2":0,"3":0,"4":0,"5":0,"6":0,"7":0,"8":0,"9":0,"10":0,"11":0,"12":0,"13":0,"14":0,"15":0,"16":0,"17":0,"18":0,"19":0,"20":0,"21":0,"22":0,"23":0,"24":0,"25":0,"26":0,"27":0,"28":0,"29":0,"30":0,"31":1},"f":{"0":0,"1":0,"2":0,"3":0,"4":0},"b":{},"_coverageSchema":"1a1c01bbd47fc00a2c39e90264f33305004495a9","hash":"faa2f5858dafbf6d469837d052d8109b8d51f0da"}
,"C:\\Users\\kuzne\\Desktop\\Academy\\lap4-project\\api\\controllers\\trefle.js": {"path":"C:\\Users\\kuzne\\Desktop\\Academy\\lap4-project\\api\\controllers\\trefle.js","statementMap":{"0":{"start":{"line":1,"column":0},"end":{"line":1,"column":32}},"1":{"start":{"line":2,"column":14},"end":{"line":2,"column":30}},"2":{"start":{"line":6,"column":17},"end":{"line":6,"column":36}},"3":{"start":{"line":7,"column":4},"end":{"line":18,"column":5}},"4":{"start":{"line":8,"column":25},"end":{"line":8,"column":60}},"5":{"start":{"line":10,"column":23},"end":{"line":14,"column":7}},"6":{"start":{"line":15,"column":6},"end":{"line":15,"column":33}},"7":{"start":{"line":17,"column":6},"end":{"line":17,"column":53}},"8":{"start":{"line":22,"column":0},"end":{"line":22,"column":24}}},"fnMap":{"0":{"name":"(anonymous_0)","decl":{"start":{"line":5,"column":2},"end":{"line":5,"column":3}},"loc":{"start":{"line":5,"column":37},"end":{"line":19,"column":3}},"line":5}},"branchMap":{"0":{"loc":{"start":{"line":12,"column":10},"end":{"line":12,"column":41}},"type":"cond-expr","locations":[{"start":{"line":12,"column":32},"end":{"line":12,"column":35}},{"start":{"line":12,"column":38},"end":{"line":12,"column":41}}],"line":12}},"s":{"0":1,"1":1,"2":0,"3":0,"4":0,"5":0,"6":0,"7":0,"8":1},"f":{"0":0},"b":{"0":[0,0]},"_coverageSchema":"1a1c01bbd47fc00a2c39e90264f33305004495a9","hash":"9c063272ac2cf45a26788bbe77b8b79aed098268"}
,"C:\\Users\\kuzne\\Desktop\\Academy\\lap4-project\\api\\controllers\\user.js": {"path":"C:\\Users\\kuzne\\Desktop\\Academy\\lap4-project\\api\\controllers\\user.js","statementMap":{"0":{"start":{"line":1,"column":0},"end":{"line":1,"column":27}},"1":{"start":{"line":2,"column":15},"end":{"line":2,"column":32}},"2":{"start":{"line":3,"column":13},"end":{"line":3,"column":38}},"3":{"start":{"line":4,"column":14},"end":{"line":4,"column":40}},"4":{"start":{"line":8,"column":4},"end":{"line":17,"column":5}},"5":{"start":{"line":9,"column":23},"end":{"line":9,"column":47}},"6":{"start":{"line":11,"column":6},"end":{"line":11,"column":42}},"7":{"start":{"line":13,"column":6},"end":{"line":13,"column":37}},"8":{"start":{"line":15,"column":6},"end":{"line":15,"column":56}},"9":{"start":{"line":16,"column":6},"end":{"line":16,"column":53}},"10":{"start":{"line":21,"column":4},"end":{"line":43,"column":5}},"11":{"start":{"line":22,"column":19},"end":{"line":22,"column":27}},"12":{"start":{"line":23,"column":21},"end":{"line":23,"column":61}},"13":{"start":{"line":25,"column":19},"end":{"line":25,"column":47}},"14":{"start":{"line":26,"column":6},"end":{"line":26,"column":67}},"15":{"start":{"line":28,"column":21},"end":{"line":28,"column":48}},"16":{"start":{"line":30,"column":6},"end":{"line":30,"column":35}},"17":{"start":{"line":32,"column":6},"end":{"line":32,"column":50}},"18":{"start":{"line":33,"column":6},"end":{"line":42,"column":7}},"19":{"start":{"line":35,"column":10},"end":{"line":37,"column":68}},"20":{"start":{"line":38,"column":10},"end":{"line":38,"column":16}},"21":{"start":{"line":40,"column":10},"end":{"line":40,"column":57}},"22":{"start":{"line":41,"column":10},"end":{"line":41,"column":16}},"23":{"start":{"line":47,"column":17},"end":{"line":47,"column":25}},"24":{"start":{"line":48,"column":4},"end":{"line":66,"column":5}},"25":{"start":{"line":49,"column":19},"end":{"line":49,"column":61}},"26":{"start":{"line":50,"column":28},"end":{"line":53,"column":7}},"27":{"start":{"line":54,"column":6},"end":{"line":63,"column":7}},"28":{"start":{"line":55,"column":8},"end":{"line":55,"column":54}},"29":{"start":{"line":57,"column":22},"end":{"line":57,"column":52}},"30":{"start":{"line":58,"column":8},"end":{"line":62,"column":11}},"31":{"start":{"line":65,"column":6},"end":{"line":65,"column":53}},"32":{"start":{"line":70,"column":20},"end":{"line":70,"column":40}},"33":{"start":{"line":71,"column":4},"end":{"line":77,"column":5}},"34":{"start":{"line":72,"column":21},"end":{"line":72,"column":51}},"35":{"start":{"line":73,"column":6},"end":{"line":73,"column":29}},"36":{"start":{"line":74,"column":6},"end":{"line":74,"column":35}},"37":{"start":{"line":76,"column":6},"end":{"line":76,"column":53}},"38":{"start":{"line":81,"column":21},"end":{"line":81,"column":33}},"39":{"start":{"line":82,"column":4},"end":{"line":89,"column":5}},"40":{"start":{"line":83,"column":6},"end":{"line":83,"column":55}},"41":{"start":{"line":84,"column":6},"end":{"line":86,"column":9}},"42":{"start":{"line":88,"column":6},"end":{"line":88,"column":53}},"43":{"start":{"line":93,"column":0},"end":{"line":93,"column":32}}},"fnMap":{"0":{"name":"(anonymous_0)","decl":{"start":{"line":7,"column":2},"end":{"line":7,"column":3}},"loc":{"start":{"line":7,"column":37},"end":{"line":18,"column":3}},"line":7},"1":{"name":"(anonymous_1)","decl":{"start":{"line":20,"column":2},"end":{"line":20,"column":3}},"loc":{"start":{"line":20,"column":34},"end":{"line":44,"column":3}},"line":20},"2":{"name":"(anonymous_2)","decl":{"start":{"line":46,"column":2},"end":{"line":46,"column":3}},"loc":{"start":{"line":46,"column":31},"end":{"line":67,"column":3}},"line":46},"3":{"name":"(anonymous_3)","decl":{"start":{"line":69,"column":2},"end":{"line":69,"column":3}},"loc":{"start":{"line":69,"column":43},"end":{"line":78,"column":3}},"line":69},"4":{"name":"(anonymous_4)","decl":{"start":{"line":80,"column":2},"end":{"line":80,"column":3}},"loc":{"start":{"line":80,"column":32},"end":{"line":90,"column":3}},"line":80}},"branchMap":{"0":{"loc":{"start":{"line":33,"column":6},"end":{"line":42,"column":7}},"type":"switch","locations":[{"start":{"line":34,"column":8},"end":{"line":38,"column":16}},{"start":{"line":39,"column":8},"end":{"line":41,"column":16}}],"line":33},"1":{"loc":{"start":{"line":54,"column":6},"end":{"line":63,"column":7}},"type":"if","locations":[{"start":{"line":54,"column":6},"end":{"line":63,"column":7}},{"start":{"line":56,"column":13},"end":{"line":63,"column":7}}],"line":54}},"s":{"0":1,"1":1,"2":1,"3":1,"4":0,"5":0,"6":0,"7":0,"8":0,"9":0,"10":2,"11":2,"12":2,"13":2,"14":2,"15":2,"16":0,"17":2,"18":2,"19":2,"20":2,"21":0,"22":0,"23":3,"24":3,"25":3,"26":2,"27":2,"28":1,"29":1,"30":1,"31":2,"32":0,"33":0,"34":0,"35":0,"36":0,"37":0,"38":0,"39":0,"40":0,"41":0,"42":0,"43":1},"f":{"0":0,"1":2,"2":3,"3":0,"4":0},"b":{"0":[2,0],"1":[1,1]},"_coverageSchema":"1a1c01bbd47fc00a2c39e90264f33305004495a9","hash":"6d386616663daf46c7263610131104f46e02203e"}
,"C:\\Users\\kuzne\\Desktop\\Academy\\lap4-project\\api\\database\\connect.js": {"path":"C:\\Users\\kuzne\\Desktop\\Academy\\lap4-project\\api\\database\\connect.js","statementMap":{"0":{"start":{"line":1,"column":0},"end":{"line":1,"column":26}},"1":{"start":{"line":2,"column":17},"end":{"line":2,"column":30}},"2":{"start":{"line":4,"column":11},"end":{"line":6,"column":2}},"3":{"start":{"line":8,"column":0},"end":{"line":8,"column":49}},"4":{"start":{"line":10,"column":0},"end":{"line":10,"column":20}}},"fnMap":{},"branchMap":{},"s":{"0":1,"1":1,"2":1,"3":1,"4":1},"f":{},"b":{},"_coverageSchema":"1a1c01bbd47fc00a2c39e90264f33305004495a9","hash":"7df88f8b79daff1807b4ac6a901165820565a1bd"}
,"C:\\Users\\kuzne\\Desktop\\Academy\\lap4-project\\api\\middleware\\authenticator.js": {"path":"C:\\Users\\kuzne\\Desktop\\Academy\\lap4-project\\api\\middleware\\authenticator.js","statementMap":{"0":{"start":{"line":1,"column":14},"end":{"line":1,"column":40}},"1":{"start":{"line":4,"column":2},"end":{"line":22,"column":3}},"2":{"start":{"line":5,"column":23},"end":{"line":5,"column":48}},"3":{"start":{"line":6,"column":4},"end":{"line":9,"column":5}},"4":{"start":{"line":7,"column":6},"end":{"line":7,"column":45}},"5":{"start":{"line":8,"column":6},"end":{"line":8,"column":48}},"6":{"start":{"line":11,"column":18},"end":{"line":11,"column":42}},"7":{"start":{"line":12,"column":4},"end":{"line":12,"column":42}},"8":{"start":{"line":14,"column":21},"end":{"line":14,"column":53}},"9":{"start":{"line":15,"column":4},"end":{"line":15,"column":43}},"10":{"start":{"line":17,"column":4},"end":{"line":17,"column":28}},"11":{"start":{"line":18,"column":4},"end":{"line":18,"column":11}},"12":{"start":{"line":20,"column":4},"end":{"line":20,"column":47}},"13":{"start":{"line":21,"column":4},"end":{"line":21,"column":62}},"14":{"start":{"line":25,"column":0},"end":{"line":25,"column":31}}},"fnMap":{"0":{"name":"authenticator","decl":{"start":{"line":3,"column":15},"end":{"line":3,"column":28}},"loc":{"start":{"line":3,"column":45},"end":{"line":23,"column":1}},"line":3}},"branchMap":{"0":{"loc":{"start":{"line":6,"column":4},"end":{"line":9,"column":5}},"type":"if","locations":[{"start":{"line":6,"column":4},"end":{"line":9,"column":5}},{"start":{},"end":{}}],"line":6}},"s":{"0":1,"1":0,"2":0,"3":0,"4":0,"5":0,"6":0,"7":0,"8":0,"9":0,"10":0,"11":0,"12":0,"13":0,"14":1},"f":{"0":0},"b":{"0":[0,0]},"_coverageSchema":"1a1c01bbd47fc00a2c39e90264f33305004495a9","hash":"0f53bb47cf20ccb699f75cc3d2c7fb814a1eac99"}
,"C:\\Users\\kuzne\\Desktop\\Academy\\lap4-project\\api\\models\\Animal.js": {"path":"C:\\Users\\kuzne\\Desktop\\Academy\\lap4-project\\api\\models\\Animal.js","statementMap":{"0":{"start":{"line":1,"column":11},"end":{"line":1,"column":41}},"1":{"start":{"line":5,"column":4},"end":{"line":5,"column":31}},"2":{"start":{"line":6,"column":4},"end":{"line":6,"column":27}},"3":{"start":{"line":7,"column":4},"end":{"line":7,"column":21}},"4":{"start":{"line":8,"column":4},"end":{"line":8,"column":31}},"5":{"start":{"line":9,"column":4},"end":{"line":9,"column":31}},"6":{"start":{"line":13,"column":4},"end":{"line":18,"column":5}},"7":{"start":{"line":14,"column":23},"end":{"line":14,"column":61}},"8":{"start":{"line":15,"column":6},"end":{"line":15,"column":53}},"9":{"start":{"line":15,"column":38},"end":{"line":15,"column":51}},"10":{"start":{"line":17,"column":6},"end":{"line":17,"column":18}},"11":{"start":{"line":22,"column":21},"end":{"line":25,"column":5}},"12":{"start":{"line":26,"column":4},"end":{"line":28,"column":5}},"13":{"start":{"line":27,"column":6},"end":{"line":27,"column":59}},"14":{"start":{"line":29,"column":4},"end":{"line":29,"column":40}},"15":{"start":{"line":33,"column":52},"end":{"line":33,"column":56}},"16":{"start":{"line":34,"column":4},"end":{"line":45,"column":5}},"17":{"start":{"line":35,"column":23},"end":{"line":38,"column":7}},"18":{"start":{"line":39,"column":20},"end":{"line":39,"column":46}},"19":{"start":{"line":40,"column":24},"end":{"line":40,"column":57}},"20":{"start":{"line":42,"column":6},"end":{"line":42,"column":23}},"21":{"start":{"line":44,"column":6},"end":{"line":44,"column":18}},"22":{"start":{"line":49,"column":43},"end":{"line":49,"column":47}},"23":{"start":{"line":50,"column":4},"end":{"line":61,"column":5}},"24":{"start":{"line":51,"column":23},"end":{"line":54,"column":7}},"25":{"start":{"line":55,"column":6},"end":{"line":57,"column":7}},"26":{"start":{"line":56,"column":8},"end":{"line":56,"column":61}},"27":{"start":{"line":58,"column":6},"end":{"line":58,"column":42}},"28":{"start":{"line":60,"column":6},"end":{"line":60,"column":18}},"29":{"start":{"line":65,"column":4},"end":{"line":76,"column":5}},"30":{"start":{"line":66,"column":23},"end":{"line":69,"column":7}},"31":{"start":{"line":70,"column":6},"end":{"line":72,"column":7}},"32":{"start":{"line":71,"column":8},"end":{"line":71,"column":61}},"33":{"start":{"line":73,"column":6},"end":{"line":73,"column":42}},"34":{"start":{"line":75,"column":6},"end":{"line":75,"column":18}},"35":{"start":{"line":80,"column":0},"end":{"line":80,"column":24}}},"fnMap":{"0":{"name":"(anonymous_0)","decl":{"start":{"line":4,"column":2},"end":{"line":4,"column":3}},"loc":{"start":{"line":4,"column":66},"end":{"line":10,"column":3}},"line":4},"1":{"name":"(anonymous_1)","decl":{"start":{"line":12,"column":2},"end":{"line":12,"column":3}},"loc":{"start":{"line":12,"column":31},"end":{"line":19,"column":3}},"line":12},"2":{"name":"(anonymous_2)","decl":{"start":{"line":15,"column":31},"end":{"line":15,"column":32}},"loc":{"start":{"line":15,"column":38},"end":{"line":15,"column":51}},"line":15},"3":{"name":"(anonymous_3)","decl":{"start":{"line":21,"column":2},"end":{"line":21,"column":3}},"loc":{"start":{"line":21,"column":40},"end":{"line":30,"column":3}},"line":21},"4":{"name":"(anonymous_4)","decl":{"start":{"line":32,"column":2},"end":{"line":32,"column":3}},"loc":{"start":{"line":32,"column":34},"end":{"line":46,"column":3}},"line":32},"5":{"name":"(anonymous_5)","decl":{"start":{"line":48,"column":2},"end":{"line":48,"column":3}},"loc":{"start":{"line":48,"column":45},"end":{"line":62,"column":3}},"line":48},"6":{"name":"(anonymous_6)","decl":{"start":{"line":64,"column":2},"end":{"line":64,"column":3}},"loc":{"start":{"line":64,"column":39},"end":{"line":77,"column":3}},"line":64}},"branchMap":{"0":{"loc":{"start":{"line":26,"column":4},"end":{"line":28,"column":5}},"type":"if","locations":[{"start":{"line":26,"column":4},"end":{"line":28,"column":5}},{"start":{},"end":{}}],"line":26},"1":{"loc":{"start":{"line":55,"column":6},"end":{"line":57,"column":7}},"type":"if","locations":[{"start":{"line":55,"column":6},"end":{"line":57,"column":7}},{"start":{},"end":{}}],"line":55},"2":{"loc":{"start":{"line":70,"column":6},"end":{"line":72,"column":7}},"type":"if","locations":[{"start":{"line":70,"column":6},"end":{"line":72,"column":7}},{"start":{},"end":{}}],"line":70}},"s":{"0":1,"1":0,"2":0,"3":0,"4":0,"5":0,"6":0,"7":0,"8":0,"9":0,"10":0,"11":0,"12":0,"13":0,"14":0,"15":0,"16":0,"17":0,"18":0,"19":0,"20":0,"21":0,"22":0,"23":0,"24":0,"25":0,"26":0,"27":0,"28":0,"29":0,"30":0,"31":0,"32":0,"33":0,"34":0,"35":1},"f":{"0":0,"1":0,"2":0,"3":0,"4":0,"5":0,"6":0},"b":{"0":[0,0],"1":[0,0],"2":[0,0]},"_coverageSchema":"1a1c01bbd47fc00a2c39e90264f33305004495a9","hash":"3f4e9e3dab75099cd8442c528845929300e66aff"}
,"C:\\Users\\kuzne\\Desktop\\Academy\\lap4-project\\api\\models\\User.js": {"path":"C:\\Users\\kuzne\\Desktop\\Academy\\lap4-project\\api\\models\\User.js","statementMap":{"0":{"start":{"line":1,"column":11},"end":{"line":1,"column":41}},"1":{"start":{"line":5,"column":4},"end":{"line":5,"column":22}},"2":{"start":{"line":6,"column":4},"end":{"line":6,"column":29}},"3":{"start":{"line":7,"column":4},"end":{"line":7,"column":29}},"4":{"start":{"line":11,"column":4},"end":{"line":16,"column":5}},"5":{"start":{"line":12,"column":23},"end":{"line":12,"column":67}},"6":{"start":{"line":13,"column":6},"end":{"line":13,"column":51}},"7":{"start":{"line":13,"column":38},"end":{"line":13,"column":49}},"8":{"start":{"line":15,"column":6},"end":{"line":15,"column":18}},"9":{"start":{"line":20,"column":21},"end":{"line":23,"column":5}},"10":{"start":{"line":24,"column":4},"end":{"line":24,"column":38}},"11":{"start":{"line":28,"column":21},"end":{"line":31,"column":5}},"12":{"start":{"line":32,"column":4},"end":{"line":34,"column":5}},"13":{"start":{"line":33,"column":6},"end":{"line":33,"column":63}},"14":{"start":{"line":35,"column":4},"end":{"line":35,"column":38}},"15":{"start":{"line":39,"column":35},"end":{"line":39,"column":39}},"16":{"start":{"line":40,"column":4},"end":{"line":51,"column":5}},"17":{"start":{"line":41,"column":21},"end":{"line":44,"column":7}},"18":{"start":{"line":45,"column":20},"end":{"line":45,"column":44}},"19":{"start":{"line":46,"column":22},"end":{"line":46,"column":50}},"20":{"start":{"line":48,"column":6},"end":{"line":48,"column":21}},"21":{"start":{"line":50,"column":6},"end":{"line":50,"column":18}},"22":{"start":{"line":54,"column":0},"end":{"line":54,"column":22}}},"fnMap":{"0":{"name":"(anonymous_0)","decl":{"start":{"line":4,"column":2},"end":{"line":4,"column":3}},"loc":{"start":{"line":4,"column":47},"end":{"line":8,"column":3}},"line":4},"1":{"name":"(anonymous_1)","decl":{"start":{"line":10,"column":2},"end":{"line":10,"column":3}},"loc":{"start":{"line":10,"column":29},"end":{"line":17,"column":3}},"line":10},"2":{"name":"(anonymous_2)","decl":{"start":{"line":13,"column":31},"end":{"line":13,"column":32}},"loc":{"start":{"line":13,"column":38},"end":{"line":13,"column":49}},"line":13},"3":{"name":"(anonymous_3)","decl":{"start":{"line":19,"column":2},"end":{"line":19,"column":3}},"loc":{"start":{"line":19,"column":30},"end":{"line":25,"column":3}},"line":19},"4":{"name":"(anonymous_4)","decl":{"start":{"line":27,"column":2},"end":{"line":27,"column":3}},"loc":{"start":{"line":27,"column":42},"end":{"line":36,"column":3}},"line":27},"5":{"name":"(anonymous_5)","decl":{"start":{"line":38,"column":2},"end":{"line":38,"column":3}},"loc":{"start":{"line":38,"column":32},"end":{"line":52,"column":3}},"line":38}},"branchMap":{"0":{"loc":{"start":{"line":32,"column":4},"end":{"line":34,"column":5}},"type":"if","locations":[{"start":{"line":32,"column":4},"end":{"line":34,"column":5}},{"start":{},"end":{}}],"line":32}},"s":{"0":1,"1":2,"2":2,"3":2,"4":0,"5":0,"6":0,"7":0,"8":0,"9":0,"10":0,"11":3,"12":3,"13":1,"14":2,"15":2,"16":2,"17":2,"18":0,"19":0,"20":0,"21":2,"22":1},"f":{"0":2,"1":0,"2":0,"3":0,"4":3,"5":2},"b":{"0":[1,2]},"_coverageSchema":"1a1c01bbd47fc00a2c39e90264f33305004495a9","hash":"54e396771c35c1b76a6adb9336f9d795a0ca04d2"}
,"C:\\Users\\kuzne\\Desktop\\Academy\\lap4-project\\api\\models\\token.js": {"path":"C:\\Users\\kuzne\\Desktop\\Academy\\lap4-project\\api\\models\\token.js","statementMap":{"0":{"start":{"line":1,"column":23},"end":{"line":1,"column":38}},"1":{"start":{"line":3,"column":11},"end":{"line":3,"column":41}},"2":{"start":{"line":7,"column":4},"end":{"line":7,"column":29}},"3":{"start":{"line":8,"column":4},"end":{"line":8,"column":27}},"4":{"start":{"line":9,"column":4},"end":{"line":9,"column":31}},"5":{"start":{"line":13,"column":18},"end":{"line":13,"column":26}},"6":{"start":{"line":14,"column":21},"end":{"line":17,"column":5}},"7":{"start":{"line":18,"column":18},"end":{"line":18,"column":43}},"8":{"start":{"line":19,"column":21},"end":{"line":19,"column":50}},"9":{"start":{"line":20,"column":4},"end":{"line":20,"column":20}},"10":{"start":{"line":24,"column":21},"end":{"line":26,"column":6}},"11":{"start":{"line":27,"column":4},"end":{"line":27,"column":39}},"12":{"start":{"line":31,"column":21},"end":{"line":33,"column":6}},"13":{"start":{"line":34,"column":4},"end":{"line":38,"column":5}},"14":{"start":{"line":35,"column":6},"end":{"line":35,"column":47}},"15":{"start":{"line":37,"column":6},"end":{"line":37,"column":41}},"16":{"start":{"line":42,"column":4},"end":{"line":42,"column":56}},"17":{"start":{"line":43,"column":4},"end":{"line":43,"column":70}},"18":{"start":{"line":44,"column":4},"end":{"line":44,"column":33}},"19":{"start":{"line":45,"column":4},"end":{"line":45,"column":27}},"20":{"start":{"line":49,"column":0},"end":{"line":49,"column":23}}},"fnMap":{"0":{"name":"(anonymous_0)","decl":{"start":{"line":6,"column":2},"end":{"line":6,"column":3}},"loc":{"start":{"line":6,"column":44},"end":{"line":10,"column":3}},"line":6},"1":{"name":"(anonymous_1)","decl":{"start":{"line":12,"column":2},"end":{"line":12,"column":3}},"loc":{"start":{"line":12,"column":31},"end":{"line":21,"column":3}},"line":12},"2":{"name":"(anonymous_2)","decl":{"start":{"line":23,"column":2},"end":{"line":23,"column":3}},"loc":{"start":{"line":23,"column":30},"end":{"line":28,"column":3}},"line":23},"3":{"name":"(anonymous_3)","decl":{"start":{"line":30,"column":2},"end":{"line":30,"column":3}},"loc":{"start":{"line":30,"column":36},"end":{"line":39,"column":3}},"line":30},"4":{"name":"(anonymous_4)","decl":{"start":{"line":41,"column":2},"end":{"line":41,"column":3}},"loc":{"start":{"line":41,"column":29},"end":{"line":46,"column":3}},"line":41}},"branchMap":{"0":{"loc":{"start":{"line":34,"column":4},"end":{"line":38,"column":5}},"type":"if","locations":[{"start":{"line":34,"column":4},"end":{"line":38,"column":5}},{"start":{"line":36,"column":11},"end":{"line":38,"column":5}}],"line":34}},"s":{"0":1,"1":1,"2":1,"3":1,"4":1,"5":1,"6":1,"7":1,"8":1,"9":1,"10":1,"11":1,"12":0,"13":0,"14":0,"15":0,"16":0,"17":0,"18":0,"19":0,"20":1},"f":{"0":1,"1":1,"2":1,"3":0,"4":0},"b":{"0":[0,0]},"_coverageSchema":"1a1c01bbd47fc00a2c39e90264f33305004495a9","hash":"204afe9c9e76743527c54af18fab97966633c968"}
,"C:\\Users\\kuzne\\Desktop\\Academy\\lap4-project\\api\\routers\\animal.js": {"path":"C:\\Users\\kuzne\\Desktop\\Academy\\lap4-project\\api\\routers\\animal.js","statementMap":{"0":{"start":{"line":1,"column":19},"end":{"line":1,"column":37}},"1":{"start":{"line":2,"column":25},"end":{"line":2,"column":60}},"2":{"start":{"line":4,"column":21},"end":{"line":4,"column":29}},"3":{"start":{"line":6,"column":0},"end":{"line":6,"column":54}},"4":{"start":{"line":7,"column":0},"end":{"line":7,"column":54}},"5":{"start":{"line":8,"column":0},"end":{"line":8,"column":60}},"6":{"start":{"line":9,"column":0},"end":{"line":9,"column":58}},"7":{"start":{"line":10,"column":0},"end":{"line":10,"column":59}},"8":{"start":{"line":12,"column":0},"end":{"line":12,"column":30}}},"fnMap":{},"branchMap":{},"s":{"0":1,"1":1,"2":1,"3":1,"4":1,"5":1,"6":1,"7":1,"8":1},"f":{},"b":{},"_coverageSchema":"1a1c01bbd47fc00a2c39e90264f33305004495a9","hash":"5ed4754352d36c74dc2d7a8507035088ac181480"}
,"C:\\Users\\kuzne\\Desktop\\Academy\\lap4-project\\api\\routers\\trefle.js": {"path":"C:\\Users\\kuzne\\Desktop\\Academy\\lap4-project\\api\\routers\\trefle.js","statementMap":{"0":{"start":{"line":1,"column":19},"end":{"line":1,"column":37}},"1":{"start":{"line":3,"column":25},"end":{"line":3,"column":57}},"2":{"start":{"line":5,"column":21},"end":{"line":5,"column":29}},"3":{"start":{"line":7,"column":0},"end":{"line":7,"column":57}},"4":{"start":{"line":9,"column":0},"end":{"line":9,"column":30}}},"fnMap":{},"branchMap":{},"s":{"0":1,"1":1,"2":1,"3":1,"4":1},"f":{},"b":{},"_coverageSchema":"1a1c01bbd47fc00a2c39e90264f33305004495a9","hash":"3f2c934973a2e36e17c727c79a6fb28a2d921655"}
,"C:\\Users\\kuzne\\Desktop\\Academy\\lap4-project\\api\\routers\\user.js": {"path":"C:\\Users\\kuzne\\Desktop\\Academy\\lap4-project\\api\\routers\\user.js","statementMap":{"0":{"start":{"line":1,"column":19},"end":{"line":1,"column":37}},"1":{"start":{"line":2,"column":22},"end":{"line":2,"column":60}},"2":{"start":{"line":3,"column":23},"end":{"line":3,"column":56}},"3":{"start":{"line":5,"column":19},"end":{"line":5,"column":27}},"4":{"start":{"line":7,"column":0},"end":{"line":7,"column":48}},"5":{"start":{"line":8,"column":0},"end":{"line":8,"column":54}},"6":{"start":{"line":9,"column":0},"end":{"line":9,"column":48}},"7":{"start":{"line":11,"column":0},"end":{"line":11,"column":30}},"8":{"start":{"line":13,"column":0},"end":{"line":13,"column":61}},"9":{"start":{"line":14,"column":0},"end":{"line":14,"column":52}},"10":{"start":{"line":16,"column":0},"end":{"line":16,"column":28}}},"fnMap":{},"branchMap":{},"s":{"0":1,"1":1,"2":1,"3":1,"4":1,"5":1,"6":1,"7":1,"8":1,"9":1,"10":1},"f":{},"b":{},"_coverageSchema":"1a1c01bbd47fc00a2c39e90264f33305004495a9","hash":"27a8a0750797f63c7307da51c14ac20df5564158"}
}
