TN:
SF:database\connect.js
FNF:0
FNH:0
DA:1,1
DA:4,1
DA:5,1
DA:6,1
DA:10,0
DA:15,1
DA:17,1
LF:7
LH:6
BRDA:4,0,0,1
BRDA:4,0,1,0
BRF:2
BRH:1
end_of_record
TN:
SF:models\User.js
FN:4,(anonymous_0)
FN:12,(anonymous_1)
FN:17,(anonymous_2)
FN:20,(anonymous_3)
FN:30,(anonymous_4)
FN:40,(anonymous_5)
FN:52,(anonymous_6)
FN:62,(anonymous_7)
FNF:8
FNH:5
FNDA:3,(anonymous_0)
FNDA:1,(anonymous_1)
FNDA:1,(anonymous_2)
FNDA:2,(anonymous_3)
FNDA:0,(anonymous_4)
FNDA:1,(anonymous_5)
FNDA:0,(anonymous_6)
FNDA:0,(anonymous_7)
DA:1,1
DA:5,3
DA:6,3
DA:7,3
DA:8,3
DA:9,3
DA:13,1
DA:14,1
DA:15,0
DA:17,1
DA:21,2
DA:24,2
DA:25,0
DA:27,2
DA:31,0
DA:34,0
DA:35,0
DA:37,0
DA:41,1
DA:43,1
DA:48,1
DA:49,1
DA:50,1
DA:53,0
DA:56,0
DA:57,0
DA:59,0
DA:63,0
DA:65,0
DA:70,0
DA:71,0
DA:74,0
DA:75,0
DA:76,0
DA:77,0
DA:79,0
DA:83,1
LF:37
LH:18
BRDA:14,0,0,0
BRDA:14,0,1,1
BRDA:24,1,0,0
BRDA:24,1,1,2
BRDA:34,2,0,0
BRDA:34,2,1,0
BRDA:56,3,0,0
BRDA:56,3,1,0
BRDA:70,4,0,0
BRDA:70,4,1,0
BRF:10
BRH:2
end_of_record
